#
# There is insufficient memory for the Java Runtime Environment to continue.
# Native memory allocation (mmap) failed to map 46137344 bytes for G1 virtual space
# Possible reasons:
#   The system is out of physical RAM or swap space
#   The process is running with CompressedOops enabled, and the Java Heap may be blocking the growth of the native heap
# Possible solutions:
#   Reduce memory load on the system
#   Increase physical memory or swap space
#   Check if swap backing store is full
#   Decrease Java heap size (-Xmx/-Xms)
#   Decrease number of Java threads
#   Decrease Java thread stack sizes (-Xss)
#   Set larger code cache with -XX:ReservedCodeCacheSize=
#   JVM is running with Zero Based Compressed Oops mode in which the Java heap is
#     placed in the first 32GB address space. The Java Heap base address is the
#     maximum limit for the native heap growth. Please use -XX:HeapBaseMinAddress
#     to set the Java Heap base and to place the Java Heap above 32GB virtual address.
# This output file may be truncated or incomplete.
#
#  Out of Memory Error (./open/src/hotspot/os/windows/os_windows.cpp:3321), pid=19200, tid=5728
#
# JRE version: OpenJDK Runtime Environment (15.0.2+7) (build 15.0.2+7-27)
# Java VM: OpenJDK 64-Bit Server VM (15.0.2+7-27, mixed mode, tiered, compressed oops, g1 gc, windows-amd64)
# No core dump will be written. Minidumps are not enabled by default on client versions of Windows
#

---------------  S U M M A R Y ------------

Command Line: -Dfile.encoding=UTF-8 -XX:+ShowCodeDetailsInExceptionMessages smelldetector.util.main

Host: Intel(R) Core(TM) i5-8265U CPU @ 1.60GHz, 8 cores, 15G,  Windows 10 , 64 bit Build 17763 (10.0.17763.475)
Time: Tue Dec 10 23:50:14 2024 ?D1¨²¡À¨º¡Á?¨º¡À?? elapsed time: 1964.998920 seconds (0d 0h 32m 44s)

---------------  T H R E A D  ---------------

Current thread (0x00000205df2f8a50):  VMThread "VM Thread" [stack: 0x0000001bd7700000,0x0000001bd7800000] [id=5728]

Stack: [0x0000001bd7700000,0x0000001bd7800000]
[error occurred during error reporting (printing stack bounds), id 0xc0000005, EXCEPTION_ACCESS_VIOLATION (0xc0000005) at pc=0x00000205c36a10ad]

Native frames: (J=compiled Java code, j=interpreted, Vv=VM code, C=native code)
V  [jvm.dll+0x62ae9a]
V  [jvm.dll+0x7817a9]
V  [jvm.dll+0x782f03]
V  [jvm.dll+0x7834c5]
V  [jvm.dll+0x78347b]
V  [jvm.dll+0x62a2b9]
V  [jvm.dll+0x62aa88]
C  [ntdll.dll+0xa477f]
C  [ntdll.dll+0x4bef]
C  [ntdll.dll+0xa34ee]
C  0x00000205c36a10ad

VM_Operation (0x0000001bd73ff910): G1Concurrent, mode: safepoint, requested by thread 0x00000205bfd011f0


---------------  P R O C E S S  ---------------

Threads class SMR info:
_java_thread_list=0x00000205e10aa270, length=12, elements={
0x00000205bfc9cbd0, 0x00000205df361140, 0x00000205df361b20, 0x00000205df3a6310,
0x00000205df3a8be0, 0x00000205df3a94a0, 0x00000205df378340, 0x00000205df38a800,
0x00000205df4159e0, 0x00000205df55d890, 0x00000205df57e0d0, 0x00000205dfa42050
}

Java Threads: ( => current thread )
  0x00000205bfc9cbd0 JavaThread "main" [_thread_blocked, id=14192, stack(0x0000001bd7100000,0x0000001bd7200000)]
  0x00000205df361140 JavaThread "Reference Handler" daemon [_thread_blocked, id=15612, stack(0x0000001bd7800000,0x0000001bd7900000)]
  0x00000205df361b20 JavaThread "Finalizer" daemon [_thread_blocked, id=6008, stack(0x0000001bd7900000,0x0000001bd7a00000)]
  0x00000205df3a6310 JavaThread "Signal Dispatcher" daemon [_thread_blocked, id=13720, stack(0x0000001bd7a00000,0x0000001bd7b00000)]
  0x00000205df3a8be0 JavaThread "Attach Listener" daemon [_thread_blocked, id=18180, stack(0x0000001bd7b00000,0x0000001bd7c00000)]
  0x00000205df3a94a0 JavaThread "Service Thread" daemon [_thread_blocked, id=18356, stack(0x0000001bd7c00000,0x0000001bd7d00000)]
  0x00000205df378340 JavaThread "C2 CompilerThread0" daemon [_thread_blocked, id=15376, stack(0x0000001bd7d00000,0x0000001bd7e00000)]
  0x00000205df38a800 JavaThread "C1 CompilerThread0" daemon [_thread_blocked, id=1012, stack(0x0000001bd7e00000,0x0000001bd7f00000)]
  0x00000205df4159e0 JavaThread "Sweeper thread" daemon [_thread_blocked, id=16172, stack(0x0000001bd7f00000,0x0000001bd8000000)]
  0x00000205df55d890 JavaThread "Notification Thread" daemon [_thread_blocked, id=14068, stack(0x0000001bd8000000,0x0000001bd8100000)]
  0x00000205df57e0d0 JavaThread "Common-Cleaner" daemon [_thread_blocked, id=16840, stack(0x0000001bd8200000,0x0000001bd8300000)]
  0x00000205dfa42050 JavaThread "mysql-cj-abandoned-connection-cleanup" daemon [_thread_blocked, id=15100, stack(0x0000001bd8300000,0x0000001bd8400000)]

Other Threads:
=>0x00000205df2f8a50 VMThread "VM Thread" [stack: 0x0000001bd7700000,0x0000001bd7800000] [id=5728]
  0x00000205df55e570 WatcherThread [stack: 0x0000001bd8100000,0x0000001bd8200000] [id=13684]
  0x00000205bfcf0400 GCTaskThread "GC Thread#0" [stack: 0x0000001bd7200000,0x0000001bd7300000] [id=16568]
  0x00000205dfa9c160 GCTaskThread "GC Thread#1" [stack: 0x0000001bd8600000,0x0000001bd8700000] [id=9048]
  0x00000205dfa9e470 GCTaskThread "GC Thread#2" [stack: 0x0000001bd8700000,0x0000001bd8800000] [id=13340]
  0x00000205dfa9ee00 GCTaskThread "GC Thread#3" [stack: 0x0000001bd8800000,0x0000001bd8900000] [id=4632]
  0x00000205dfa9d150 GCTaskThread "GC Thread#4" [stack: 0x0000001bd8900000,0x0000001bd8a00000] [id=8056]
  0x00000205dfa9ce20 GCTaskThread "GC Thread#5" [stack: 0x0000001bd8a00000,0x0000001bd8b00000] [id=16968]
  0x00000205dfa9dae0 GCTaskThread "GC Thread#6" [stack: 0x0000001bd8b00000,0x0000001bd8c00000] [id=8596]
  0x00000205bfd011f0 ConcurrentGCThread "G1 Main Marker" [stack: 0x0000001bd7300000,0x0000001bd7400000] [id=12436]
  0x00000205bfd02c80 ConcurrentGCThread "G1 Conc#0" [stack: 0x0000001bd7400000,0x0000001bd7500000] [id=10820]
  0x00000205dfa9d7b0 ConcurrentGCThread "G1 Conc#1" [stack: 0x0000001bd8500000,0x0000001bd8600000] [id=8952]
  0x00000205bfd55d20 ConcurrentGCThread "G1 Refine#0" [stack: 0x0000001bd7500000,0x0000001bd7600000] [id=13908]
  0x00000205e0f71090 ConcurrentGCThread "G1 Refine#1" [stack: 0x0000001bd6f00000,0x0000001bd7000000] [id=13728]
  0x00000205e0f6ffb0 ConcurrentGCThread "G1 Refine#2" [stack: 0x0000001bd7000000,0x0000001bd7100000] [id=16892]
  0x00000205e0f70d30 ConcurrentGCThread "G1 Refine#3" [stack: 0x0000001bd8c00000,0x0000001bd8d00000] [id=6836]
  0x00000205e0f709d0 ConcurrentGCThread "G1 Refine#4" [stack: 0x0000001bd8400000,0x0000001bd8500000] [id=9256]
  0x00000205bfd56730 ConcurrentGCThread "G1 Young RemSet Sampling" [stack: 0x0000001bd7600000,0x0000001bd7700000] [id=10772]

Threads with active compile tasks:

VM state: at safepoint (normal execution)

VM Mutex/Monitor currently owned by a thread:  ([mutex/lock_event])
[0x00000205bfc99d40] Threads_lock - owner thread: 0x00000205df2f8a50
[0x00000205bfc99950] Heap_lock - owner thread: 0x00000205bfd011f0

Heap address: 0x0000000702e00000, size: 4050 MB, Compressed Oops mode: Zero based, Oop shift amount: 3
CDS disabled.
Compressed class space mapped at: 0x0000000800000000-0x0000000840000000, size: 1073741824
Narrow klass base: 0x0000000800000000, Narrow klass shift: 0, Narrow klass range: 0x40000000

GC Precious Log:
 CPUs: 8 total, 8 available
 Memory: 16192M
 Large Page Support: Disabled
 NUMA Support: Disabled
 Compressed Oops: Enabled (Zero based)
 Heap Region Size: 2M
 Heap Min Capacity: 8M
 Heap Initial Capacity: 254M
 Heap Max Capacity: 4050M
 Pre-touch: Disabled
 Parallel Workers: 8
 Concurrent Workers: 2
 Concurrent Refinement Workers: 8
 Periodic GC: Disabled

Heap:
 garbage-first heap   total 376832K, used 223232K [0x0000000702e00000, 0x0000000800000000)
  region size 2048K, 5 young (10240K), 4 survivors (8192K)
 Metaspace       used 24589K, capacity 24790K, committed 25008K, reserved 1071104K
  class space    used 2426K, capacity 2509K, committed 2560K, reserved 1048576K

Heap Regions: E=young(eden), S=young(survivor), O=old, HS=humongous(starts), HC=humongous(continues), CS=collection set, F=free, OA=open archive, CA=closed archive, TAMS=top-at-mark-start (previous, next)
|   0|0x0000000702e00000, 0x0000000703000000, 0x0000000703000000|100%| O|  |TAMS 0x0000000703000000, 0x0000000702e00000| Updating 
|   1|0x0000000703000000, 0x0000000703200000, 0x0000000703200000|100%| O|  |TAMS 0x0000000703200000, 0x0000000703000000| Updating 
|   2|0x0000000703200000, 0x0000000703400000, 0x0000000703400000|100%| O|  |TAMS 0x0000000703400000, 0x0000000703200000| Updating 
|   3|0x0000000703400000, 0x0000000703600000, 0x0000000703600000|100%| O|  |TAMS 0x0000000703600000, 0x0000000703400000| Updating 
|   4|0x0000000703600000, 0x0000000703800000, 0x0000000703800000|100%| O|  |TAMS 0x0000000703800000, 0x0000000703600000| Updating 
|   5|0x0000000703800000, 0x0000000703a00000, 0x0000000703a00000|100%| O|  |TAMS 0x0000000703a00000, 0x0000000703800000| Updating 
|   6|0x0000000703a00000, 0x0000000703c00000, 0x0000000703c00000|100%| O|  |TAMS 0x0000000703c00000, 0x0000000703a00000| Updating 
|   7|0x0000000703c00000, 0x0000000703e00000, 0x0000000703e00000|100%| O|  |TAMS 0x0000000703e00000, 0x0000000703c00000| Updating 
|   8|0x0000000703e00000, 0x0000000704000000, 0x0000000704000000|100%| O|  |TAMS 0x0000000704000000, 0x0000000703e00000| Updating 
|   9|0x0000000704000000, 0x0000000704200000, 0x0000000704200000|100%| O|  |TAMS 0x0000000704200000, 0x0000000704000000| Updating 
|  10|0x0000000704200000, 0x0000000704400000, 0x0000000704400000|100%| O|  |TAMS 0x0000000704400000, 0x0000000704200000| Updating 
|  11|0x0000000704400000, 0x0000000704600000, 0x0000000704600000|100%| O|  |TAMS 0x0000000704600000, 0x0000000704400000| Updating 
|  12|0x0000000704600000, 0x0000000704800000, 0x0000000704800000|100%| O|  |TAMS 0x0000000704800000, 0x0000000704600000| Updating 
|  13|0x0000000704800000, 0x0000000704a00000, 0x0000000704a00000|100%| O|  |TAMS 0x0000000704a00000, 0x0000000704800000| Updating 
|  14|0x0000000704a00000, 0x0000000704c00000, 0x0000000704c00000|100%| O|  |TAMS 0x0000000704c00000, 0x0000000704a00000| Updating 
|  15|0x0000000704c00000, 0x0000000704e00000, 0x0000000704e00000|100%| O|  |TAMS 0x0000000704e00000, 0x0000000704c00000| Updating 
|  16|0x0000000704e00000, 0x0000000705000000, 0x0000000705000000|100%| O|  |TAMS 0x0000000705000000, 0x0000000704e00000| Updating 
|  17|0x0000000705000000, 0x0000000705200000, 0x0000000705200000|100%| O|  |TAMS 0x0000000705200000, 0x0000000705000000| Updating 
|  18|0x0000000705200000, 0x0000000705400000, 0x0000000705400000|100%| O|  |TAMS 0x0000000705400000, 0x0000000705200000| Updating 
|  19|0x0000000705400000, 0x0000000705600000, 0x0000000705600000|100%| O|  |TAMS 0x0000000705600000, 0x0000000705400000| Updating 
|  20|0x0000000705600000, 0x0000000705800000, 0x0000000705800000|100%| O|  |TAMS 0x0000000705800000, 0x0000000705600000| Updating 
|  21|0x0000000705800000, 0x0000000705a00000, 0x0000000705a00000|100%| O|  |TAMS 0x0000000705a00000, 0x0000000705800000| Updating 
|  22|0x0000000705a00000, 0x0000000705c00000, 0x0000000705c00000|100%| O|  |TAMS 0x0000000705c00000, 0x0000000705a00000| Updating 
|  23|0x0000000705c00000, 0x0000000705e00000, 0x0000000705e00000|100%| O|  |TAMS 0x0000000705e00000, 0x0000000705c00000| Updating 
|  24|0x0000000705e00000, 0x0000000706000000, 0x0000000706000000|100%| O|  |TAMS 0x0000000706000000, 0x0000000705e00000| Updating 
|  25|0x0000000706000000, 0x0000000706200000, 0x0000000706200000|100%| O|  |TAMS 0x0000000706200000, 0x0000000706000000| Updating 
|  26|0x0000000706200000, 0x0000000706400000, 0x0000000706400000|100%| O|  |TAMS 0x0000000706400000, 0x0000000706200000| Updating 
|  27|0x0000000706400000, 0x0000000706600000, 0x0000000706600000|100%| O|  |TAMS 0x0000000706600000, 0x0000000706400000| Updating 
|  28|0x0000000706600000, 0x0000000706800000, 0x0000000706800000|100%| O|  |TAMS 0x0000000706800000, 0x0000000706600000| Updating 
|  29|0x0000000706800000, 0x0000000706a00000, 0x0000000706a00000|100%| O|  |TAMS 0x0000000706a00000, 0x0000000706800000| Updating 
|  30|0x0000000706a00000, 0x0000000706c00000, 0x0000000706c00000|100%| O|  |TAMS 0x0000000706c00000, 0x0000000706a00000| Updating 
|  31|0x0000000706c00000, 0x0000000706e00000, 0x0000000706e00000|100%| O|  |TAMS 0x0000000706e00000, 0x0000000706c00000| Updating 
|  32|0x0000000706e00000, 0x0000000707000000, 0x0000000707000000|100%| O|  |TAMS 0x0000000707000000, 0x0000000706e00000| Updating 
|  33|0x0000000707000000, 0x0000000707200000, 0x0000000707200000|100%| O|  |TAMS 0x0000000707200000, 0x0000000707000000| Updating 
|  34|0x0000000707200000, 0x0000000707400000, 0x0000000707400000|100%| O|  |TAMS 0x0000000707400000, 0x0000000707200000| Updating 
|  35|0x0000000707400000, 0x0000000707600000, 0x0000000707600000|100%| O|  |TAMS 0x0000000707600000, 0x0000000707400000| Updating 
|  36|0x0000000707600000, 0x0000000707800000, 0x0000000707800000|100%| O|  |TAMS 0x0000000707800000, 0x0000000707600000| Updating 
|  37|0x0000000707800000, 0x0000000707a00000, 0x0000000707a00000|100%| O|  |TAMS 0x0000000707a00000, 0x0000000707800000| Updating 
|  38|0x0000000707a00000, 0x0000000707c00000, 0x0000000707c00000|100%| O|  |TAMS 0x0000000707c00000, 0x0000000707a00000| Updating 
|  39|0x0000000707c00000, 0x0000000707e00000, 0x0000000707e00000|100%| O|  |TAMS 0x0000000707e00000, 0x0000000707c00000| Updating 
|  40|0x0000000707e00000, 0x0000000708000000, 0x0000000708000000|100%| O|  |TAMS 0x0000000708000000, 0x0000000707e00000| Updating 
|  41|0x0000000708000000, 0x0000000708200000, 0x0000000708200000|100%| O|  |TAMS 0x0000000708200000, 0x0000000708000000| Updating 
|  42|0x0000000708200000, 0x0000000708400000, 0x0000000708400000|100%| O|  |TAMS 0x0000000708400000, 0x0000000708200000| Updating 
|  43|0x0000000708400000, 0x0000000708600000, 0x0000000708600000|100%| O|  |TAMS 0x0000000708600000, 0x0000000708400000| Updating 
|  44|0x0000000708600000, 0x0000000708800000, 0x0000000708800000|100%| O|  |TAMS 0x0000000708800000, 0x0000000708600000| Updating 
|  45|0x0000000708800000, 0x0000000708a00000, 0x0000000708a00000|100%| O|  |TAMS 0x0000000708a00000, 0x0000000708800000| Updating 
|  46|0x0000000708a00000, 0x0000000708c00000, 0x0000000708c00000|100%| O|  |TAMS 0x0000000708c00000, 0x0000000708a00000| Updating 
|  47|0x0000000708c00000, 0x0000000708e00000, 0x0000000708e00000|100%| O|  |TAMS 0x0000000708e00000, 0x0000000708c00000| Updating 
|  48|0x0000000708e00000, 0x0000000709000000, 0x0000000709000000|100%| O|  |TAMS 0x0000000709000000, 0x0000000708e00000| Updating 
|  49|0x0000000709000000, 0x0000000709200000, 0x0000000709200000|100%| O|  |TAMS 0x0000000709200000, 0x0000000709000000| Updating 
|  50|0x0000000709200000, 0x0000000709400000, 0x0000000709400000|100%| O|  |TAMS 0x0000000709400000, 0x0000000709200000| Updating 
|  51|0x0000000709400000, 0x0000000709600000, 0x0000000709600000|100%| O|  |TAMS 0x0000000709600000, 0x0000000709400000| Updating 
|  52|0x0000000709600000, 0x0000000709800000, 0x0000000709800000|100%| O|  |TAMS 0x0000000709800000, 0x0000000709600000| Updating 
|  53|0x0000000709800000, 0x0000000709a00000, 0x0000000709a00000|100%| O|  |TAMS 0x0000000709a00000, 0x0000000709800000| Updating 
|  54|0x0000000709a00000, 0x0000000709c00000, 0x0000000709c00000|100%| O|  |TAMS 0x0000000709c00000, 0x0000000709a00000| Updating 
|  55|0x0000000709c00000, 0x0000000709e00000, 0x0000000709e00000|100%| O|  |TAMS 0x0000000709e00000, 0x0000000709c00000| Updating 
|  56|0x0000000709e00000, 0x000000070a000000, 0x000000070a000000|100%| O|  |TAMS 0x000000070a000000, 0x0000000709e00000| Updating 
|  57|0x000000070a000000, 0x000000070a200000, 0x000000070a200000|100%| O|  |TAMS 0x000000070a200000, 0x000000070a000000| Updating 
|  58|0x000000070a200000, 0x000000070a400000, 0x000000070a400000|100%| O|  |TAMS 0x000000070a400000, 0x000000070a200000| Updating 
|  59|0x000000070a400000, 0x000000070a600000, 0x000000070a600000|100%| O|  |TAMS 0x000000070a600000, 0x000000070a400000| Updating 
|  60|0x000000070a600000, 0x000000070a800000, 0x000000070a800000|100%| O|  |TAMS 0x000000070a800000, 0x000000070a600000| Updating 
|  61|0x000000070a800000, 0x000000070aa00000, 0x000000070aa00000|100%| O|  |TAMS 0x000000070aa00000, 0x000000070a800000| Updating 
|  62|0x000000070aa00000, 0x000000070ac00000, 0x000000070ac00000|100%| O|  |TAMS 0x000000070ac00000, 0x000000070aa00000| Updating 
|  63|0x000000070ac00000, 0x000000070ae00000, 0x000000070ae00000|100%| O|  |TAMS 0x000000070ae00000, 0x000000070ac00000| Updating 
|  64|0x000000070ae00000, 0x000000070b000000, 0x000000070b000000|100%| O|  |TAMS 0x000000070b000000, 0x000000070ae00000| Updating 
|  65|0x000000070b000000, 0x000000070b200000, 0x000000070b200000|100%| O|  |TAMS 0x000000070b200000, 0x000000070b000000| Updating 
|  66|0x000000070b200000, 0x000000070b400000, 0x000000070b400000|100%| O|  |TAMS 0x000000070b400000, 0x000000070b200000| Updating 
|  67|0x000000070b400000, 0x000000070b600000, 0x000000070b600000|100%| O|  |TAMS 0x000000070b600000, 0x000000070b400000| Updating 
|  68|0x000000070b600000, 0x000000070b800000, 0x000000070b800000|100%| O|  |TAMS 0x000000070b800000, 0x000000070b600000| Updating 
|  69|0x000000070b800000, 0x000000070ba00000, 0x000000070ba00000|100%| O|  |TAMS 0x000000070ba00000, 0x000000070b800000| Updating 
|  70|0x000000070ba00000, 0x000000070bc00000, 0x000000070bc00000|100%| O|  |TAMS 0x000000070bc00000, 0x000000070ba00000| Updating 
|  71|0x000000070bc00000, 0x000000070be00000, 0x000000070be00000|100%|HS|  |TAMS 0x000000070be00000, 0x000000070bc00000| Complete 
|  72|0x000000070be00000, 0x000000070c000000, 0x000000070c000000|100%|HC|  |TAMS 0x000000070c000000, 0x000000070be00000| Complete 
|  73|0x000000070c000000, 0x000000070c200000, 0x000000070c200000|100%| O|  |TAMS 0x000000070c200000, 0x000000070c000000| Updating 
|  74|0x000000070c200000, 0x000000070c400000, 0x000000070c400000|100%| O|  |TAMS 0x000000070c400000, 0x000000070c200000| Updating 
|  75|0x000000070c400000, 0x000000070c600000, 0x000000070c600000|100%| O|  |TAMS 0x000000070c600000, 0x000000070c400000| Updating 
|  76|0x000000070c600000, 0x000000070c800000, 0x000000070c800000|100%| O|  |TAMS 0x000000070c800000, 0x000000070c600000| Updating 
|  77|0x000000070c800000, 0x000000070ca00000, 0x000000070ca00000|100%| O|  |TAMS 0x000000070ca00000, 0x000000070c800000| Updating 
|  78|0x000000070ca00000, 0x000000070cc00000, 0x000000070cc00000|100%| O|  |TAMS 0x000000070cc00000, 0x000000070ca00000| Updating 
|  79|0x000000070cc00000, 0x000000070ce00000, 0x000000070ce00000|100%| O|  |TAMS 0x000000070ce00000, 0x000000070cc00000| Updating 
|  80|0x000000070ce00000, 0x000000070d000000, 0x000000070d000000|100%| O|  |TAMS 0x000000070d000000, 0x000000070ce00000| Updating 
|  81|0x000000070d000000, 0x000000070d200000, 0x000000070d200000|100%| O|  |TAMS 0x000000070d200000, 0x000000070d000000| Updating 
|  82|0x000000070d200000, 0x000000070d400000, 0x000000070d400000|100%| O|  |TAMS 0x000000070d400000, 0x000000070d200000| Updating 
|  83|0x000000070d400000, 0x000000070d600000, 0x000000070d600000|100%| O|  |TAMS 0x000000070d600000, 0x000000070d400000| Updating 
|  84|0x000000070d600000, 0x000000070d800000, 0x000000070d800000|100%| O|  |TAMS 0x000000070d800000, 0x000000070d600000| Updating 
|  85|0x000000070d800000, 0x000000070da00000, 0x000000070da00000|100%| O|  |TAMS 0x000000070da00000, 0x000000070d800000| Updating 
|  86|0x000000070da00000, 0x000000070dc00000, 0x000000070dc00000|100%| O|  |TAMS 0x000000070dc00000, 0x000000070da00000| Updating 
|  87|0x000000070dc00000, 0x000000070de00000, 0x000000070de00000|100%| O|  |TAMS 0x000000070de00000, 0x000000070dc00000| Updating 
|  88|0x000000070de00000, 0x000000070e000000, 0x000000070e000000|100%| O|  |TAMS 0x000000070e000000, 0x000000070de00000| Updating 
|  89|0x000000070e000000, 0x000000070e200000, 0x000000070e200000|100%| O|  |TAMS 0x000000070e200000, 0x000000070e000000| Updating 
|  90|0x000000070e200000, 0x000000070e400000, 0x000000070e400000|100%| O|  |TAMS 0x000000070e400000, 0x000000070e200000| Updating 
|  91|0x000000070e400000, 0x000000070e600000, 0x000000070e600000|100%| O|  |TAMS 0x000000070e600000, 0x000000070e400000| Updating 
|  92|0x000000070e600000, 0x000000070e800000, 0x000000070e800000|100%| O|  |TAMS 0x000000070e800000, 0x000000070e600000| Updating 
|  93|0x000000070e800000, 0x000000070ea00000, 0x000000070ea00000|100%| O|  |TAMS 0x000000070ea00000, 0x000000070e800000| Updating 
|  94|0x000000070ea00000, 0x000000070ec00000, 0x000000070ec00000|100%| O|  |TAMS 0x000000070ec00000, 0x000000070ea00000| Updating 
|  95|0x000000070ec00000, 0x000000070ee00000, 0x000000070ee00000|100%| O|  |TAMS 0x000000070ee00000, 0x000000070ec00000| Updating 
|  96|0x000000070ee00000, 0x000000070f000000, 0x000000070f000000|100%| O|  |TAMS 0x000000070f000000, 0x000000070ee00000| Updating 
|  97|0x000000070f000000, 0x000000070f200000, 0x000000070f200000|100%| O|  |TAMS 0x000000070f0dde00, 0x000000070f000000| Updating 
|  98|0x000000070f200000, 0x000000070f400000, 0x000000070f400000|100%| O|  |TAMS 0x000000070f200000, 0x000000070f200000| Untracked 
|  99|0x000000070f400000, 0x000000070f600000, 0x000000070f600000|100%| O|  |TAMS 0x000000070f400000, 0x000000070f400000| Untracked 
| 100|0x000000070f600000, 0x000000070f800000, 0x000000070f800000|100%| O|  |TAMS 0x000000070f600000, 0x000000070f600000| Untracked 
| 101|0x000000070f800000, 0x000000070fa00000, 0x000000070fa00000|100%| O|  |TAMS 0x000000070f800000, 0x000000070f800000| Untracked 
| 102|0x000000070fa00000, 0x000000070fc00000, 0x000000070fc00000|100%|HS|  |TAMS 0x000000070fa00000, 0x000000070fa00000| Complete 
| 103|0x000000070fc00000, 0x000000070fe00000, 0x000000070fe00000|100%|HC|  |TAMS 0x000000070fc00000, 0x000000070fc00000| Complete 
| 104|0x000000070fe00000, 0x0000000710000000, 0x0000000710000000|100%|HC|  |TAMS 0x000000070fe00000, 0x000000070fe00000| Complete 
| 105|0x0000000710000000, 0x0000000710000000, 0x0000000710200000|  0%| F|  |TAMS 0x0000000710000000, 0x0000000710000000| Untracked 
| 106|0x0000000710200000, 0x0000000710200000, 0x0000000710400000|  0%| F|  |TAMS 0x0000000710200000, 0x0000000710200000| Untracked 
| 107|0x0000000710400000, 0x0000000710400000, 0x0000000710600000|  0%| F|  |TAMS 0x0000000710400000, 0x0000000710400000| Untracked 
| 108|0x0000000710600000, 0x0000000710600000, 0x0000000710800000|  0%| F|  |TAMS 0x0000000710600000, 0x0000000710600000| Untracked 
| 109|0x0000000710800000, 0x0000000710800000, 0x0000000710a00000|  0%| F|  |TAMS 0x0000000710800000, 0x0000000710800000| Untracked 
| 110|0x0000000710a00000, 0x0000000710a00000, 0x0000000710c00000|  0%| F|  |TAMS 0x0000000710a00000, 0x0000000710a00000| Untracked 
| 111|0x0000000710c00000, 0x0000000710c00000, 0x0000000710e00000|  0%| F|  |TAMS 0x0000000710c00000, 0x0000000710c00000| Untracked 
| 112|0x0000000710e00000, 0x0000000710e00000, 0x0000000711000000|  0%| F|  |TAMS 0x0000000710e00000, 0x0000000710e00000| Untracked 
| 113|0x0000000711000000, 0x0000000711000000, 0x0000000711200000|  0%| F|  |TAMS 0x0000000711000000, 0x0000000711000000| Untracked 
| 114|0x0000000711200000, 0x0000000711200000, 0x0000000711400000|  0%| F|  |TAMS 0x0000000711200000, 0x0000000711200000| Untracked 
| 115|0x0000000711400000, 0x0000000711400000, 0x0000000711600000|  0%| F|  |TAMS 0x0000000711400000, 0x0000000711400000| Untracked 
| 116|0x0000000711600000, 0x0000000711600000, 0x0000000711800000|  0%| F|  |TAMS 0x0000000711600000, 0x0000000711600000| Untracked 
| 117|0x0000000711800000, 0x0000000711800000, 0x0000000711a00000|  0%| F|  |TAMS 0x0000000711800000, 0x0000000711800000| Untracked 
| 118|0x0000000711a00000, 0x0000000711a00000, 0x0000000711c00000|  0%| F|  |TAMS 0x0000000711a00000, 0x0000000711a00000| Untracked 
| 119|0x0000000711c00000, 0x0000000711c00000, 0x0000000711e00000|  0%| F|  |TAMS 0x0000000711c00000, 0x0000000711c00000| Untracked 
| 120|0x0000000711e00000, 0x0000000711e00000, 0x0000000712000000|  0%| F|  |TAMS 0x0000000711e00000, 0x0000000711e00000| Untracked 
| 121|0x0000000712000000, 0x0000000712000000, 0x0000000712200000|  0%| F|  |TAMS 0x0000000712000000, 0x0000000712000000| Untracked 
| 122|0x0000000712200000, 0x0000000712200000, 0x0000000712400000|  0%| F|  |TAMS 0x0000000712200000, 0x0000000712200000| Untracked 
| 123|0x0000000712400000, 0x0000000712400000, 0x0000000712600000|  0%| F|  |TAMS 0x0000000712400000, 0x0000000712400000| Untracked 
| 124|0x0000000712600000, 0x0000000712600000, 0x0000000712800000|  0%| F|  |TAMS 0x0000000712600000, 0x0000000712600000| Untracked 
| 125|0x0000000712800000, 0x0000000712800000, 0x0000000712a00000|  0%| F|  |TAMS 0x0000000712800000, 0x0000000712800000| Untracked 
| 126|0x0000000712a00000, 0x0000000712a00000, 0x0000000712c00000|  0%| F|  |TAMS 0x0000000712a00000, 0x0000000712a00000| Untracked 
| 127|0x0000000712c00000, 0x0000000712c00000, 0x0000000712e00000|  0%| F|  |TAMS 0x0000000712c00000, 0x0000000712c00000| Untracked 
| 128|0x0000000712e00000, 0x0000000712e00000, 0x0000000713000000|  0%| F|  |TAMS 0x0000000712e00000, 0x0000000712e00000| Untracked 
| 129|0x0000000713000000, 0x0000000713000000, 0x0000000713200000|  0%| F|  |TAMS 0x0000000713000000, 0x0000000713000000| Untracked 
| 130|0x0000000713200000, 0x0000000713200000, 0x0000000713400000|  0%| F|  |TAMS 0x0000000713200000, 0x0000000713200000| Untracked 
| 131|0x0000000713400000, 0x0000000713400000, 0x0000000713600000|  0%| F|  |TAMS 0x0000000713400000, 0x0000000713400000| Untracked 
| 132|0x0000000713600000, 0x0000000713600000, 0x0000000713800000|  0%| F|  |TAMS 0x0000000713600000, 0x0000000713600000| Untracked 
| 133|0x0000000713800000, 0x0000000713800000, 0x0000000713a00000|  0%| F|  |TAMS 0x0000000713800000, 0x0000000713800000| Untracked 
| 134|0x0000000713a00000, 0x0000000713a00000, 0x0000000713c00000|  0%| F|  |TAMS 0x0000000713a00000, 0x0000000713a00000| Untracked 
| 135|0x0000000713c00000, 0x0000000713c00000, 0x0000000713e00000|  0%| F|  |TAMS 0x0000000713c00000, 0x0000000713c00000| Untracked 
| 136|0x0000000713e00000, 0x0000000714000000, 0x0000000714000000|100%| S|CS|TAMS 0x0000000713e00000, 0x0000000713e00000| Complete 
| 137|0x0000000714000000, 0x0000000714200000, 0x0000000714200000|100%| S|CS|TAMS 0x0000000714000000, 0x0000000714000000| Complete 
| 138|0x0000000714200000, 0x0000000714400000, 0x0000000714400000|100%| S|CS|TAMS 0x0000000714200000, 0x0000000714200000| Complete 
| 139|0x0000000714400000, 0x0000000714600000, 0x0000000714600000|100%| S|CS|TAMS 0x0000000714400000, 0x0000000714400000| Complete 
| 140|0x0000000714600000, 0x0000000714600000, 0x0000000714800000|  0%| F|  |TAMS 0x0000000714600000, 0x0000000714600000| Untracked 
| 141|0x0000000714800000, 0x0000000714800000, 0x0000000714a00000|  0%| F|  |TAMS 0x0000000714800000, 0x0000000714800000| Untracked 
| 142|0x0000000714a00000, 0x0000000714a00000, 0x0000000714c00000|  0%| F|  |TAMS 0x0000000714a00000, 0x0000000714a00000| Untracked 
| 143|0x0000000714c00000, 0x0000000714c00000, 0x0000000714e00000|  0%| F|  |TAMS 0x0000000714c00000, 0x0000000714c00000| Untracked 
| 144|0x0000000714e00000, 0x0000000714e00000, 0x0000000715000000|  0%| F|  |TAMS 0x0000000714e00000, 0x0000000714e00000| Untracked 
| 145|0x0000000715000000, 0x0000000715000000, 0x0000000715200000|  0%| F|  |TAMS 0x0000000715000000, 0x0000000715000000| Untracked 
| 146|0x0000000715200000, 0x0000000715200000, 0x0000000715400000|  0%| F|  |TAMS 0x0000000715200000, 0x0000000715200000| Untracked 
| 147|0x0000000715400000, 0x0000000715400000, 0x0000000715600000|  0%| F|  |TAMS 0x0000000715400000, 0x0000000715400000| Untracked 
| 148|0x0000000715600000, 0x0000000715600000, 0x0000000715800000|  0%| F|  |TAMS 0x0000000715600000, 0x0000000715600000| Untracked 
| 149|0x0000000715800000, 0x0000000715800000, 0x0000000715a00000|  0%| F|  |TAMS 0x0000000715800000, 0x0000000715800000| Untracked 
| 150|0x0000000715a00000, 0x0000000715a00000, 0x0000000715c00000|  0%| F|  |TAMS 0x0000000715a00000, 0x0000000715a00000| Untracked 
| 151|0x0000000715c00000, 0x0000000715c00000, 0x0000000715e00000|  0%| F|  |TAMS 0x0000000715c00000, 0x0000000715c00000| Untracked 
| 152|0x0000000715e00000, 0x0000000715e00000, 0x0000000716000000|  0%| F|  |TAMS 0x0000000715e00000, 0x0000000715e00000| Untracked 
| 153|0x0000000716000000, 0x0000000716000000, 0x0000000716200000|  0%| F|  |TAMS 0x0000000716000000, 0x0000000716000000| Untracked 
| 154|0x0000000716200000, 0x0000000716200000, 0x0000000716400000|  0%| F|  |TAMS 0x0000000716200000, 0x0000000716200000| Untracked 
| 155|0x0000000716400000, 0x0000000716400000, 0x0000000716600000|  0%| F|  |TAMS 0x0000000716400000, 0x0000000716400000| Untracked 
| 156|0x0000000716600000, 0x0000000716600000, 0x0000000716800000|  0%| F|  |TAMS 0x0000000716600000, 0x0000000716600000| Untracked 
| 157|0x0000000716800000, 0x0000000716800000, 0x0000000716a00000|  0%| F|  |TAMS 0x0000000716800000, 0x0000000716800000| Untracked 
| 158|0x0000000716a00000, 0x0000000716a00000, 0x0000000716c00000|  0%| F|  |TAMS 0x0000000716a00000, 0x0000000716a00000| Untracked 
| 159|0x0000000716c00000, 0x0000000716c00000, 0x0000000716e00000|  0%| F|  |TAMS 0x0000000716c00000, 0x0000000716c00000| Untracked 
| 160|0x0000000716e00000, 0x0000000716e00000, 0x0000000717000000|  0%| F|  |TAMS 0x0000000716e00000, 0x0000000716e00000| Untracked 
| 161|0x0000000717000000, 0x00000007170efbb8, 0x0000000717200000| 46%| E|  |TAMS 0x0000000717000000, 0x0000000717000000| Complete 

Card table byte_map: [0x00000205d31c0000,0x00000205d39b0000] _byte_map_base: 0x00000205cf9a9000

Marking Bits (Prev, Next): (CMBitMap*) 0x00000205bfcf0a80, (CMBitMap*) 0x00000205bfcf0ac0
 Prev Bits: [0x00000205d41a0000, 0x00000205d80e8000)
 Next Bits: [0x00000205d80f0000, 0x00000205dc038000)

Polling page: 0x00000205bf460000

Metaspace:

Usage:
  Non-class:     21.76 MB capacity,    21.64 MB (>99%) used,    92.52 KB ( <1%) free+waste,    25.69 KB ( <1%) overhead. 
      Class:      2.45 MB capacity,     2.37 MB ( 97%) used,    74.43 KB (  3%) free+waste,     8.13 KB ( <1%) overhead. 
       Both:     24.21 MB capacity,    24.01 MB (>99%) used,   166.95 KB ( <1%) free+waste,    33.81 KB ( <1%) overhead. 

Virtual space:
  Non-class space:       22.00 MB reserved,      21.92 MB (>99%) committed 
      Class space:        1.00 GB reserved,       2.50 MB ( <1%) committed 
             Both:        1.02 GB reserved,      24.42 MB (  2%) committed 

Chunk freelists:
   Non-Class:  39.00 KB
       Class:  19.00 KB
        Both:  58.00 KB

MaxMetaspaceSize: 17179869184.00 GB
CompressedClassSpaceSize: 1.00 GB

CodeHeap 'non-profiled nmethods': size=120000Kb used=1698Kb max_used=1698Kb free=118301Kb
 bounds [0x00000205cb170000, 0x00000205cb3e0000, 0x00000205d26a0000]
CodeHeap 'profiled nmethods': size=120000Kb used=5314Kb max_used=5314Kb free=114685Kb
 bounds [0x00000205c3c40000, 0x00000205c4180000, 0x00000205cb170000]
CodeHeap 'non-nmethods': size=5760Kb used=1234Kb max_used=1291Kb free=4525Kb
 bounds [0x00000205c36a0000, 0x00000205c3910000, 0x00000205c3c40000]
 total_blobs=3318 nmethods=2811 adapters=419
 compilation: enabled
              stopped_count=0, restarted_count=0
 full_count=0

Compilation events (20 events):
Event: 326.889 Thread 0x00000205df38a800 2814       3       jdk.internal.loader.ClassLoaders::bootLoader (4 bytes)
Event: 326.889 Thread 0x00000205df38a800 nmethod 2814 0x00000205c416b610 code [0x00000205c416b7a0, 0x00000205c416b898]
Event: 382.326 Thread 0x00000205df38a800 2816       1       jdk.internal.loader.URLClassPath$FileLoader$1::getURL (5 bytes)
Event: 382.326 Thread 0x00000205df38a800 nmethod 2816 0x00000205cb317090 code [0x00000205cb317220, 0x00000205cb3172d8]
Event: 427.751 Thread 0x00000205df38a800 2817       3       java.lang.ClassLoader::getResource (41 bytes)
Event: 427.752 Thread 0x00000205df38a800 nmethod 2817 0x00000205c416b910 code [0x00000205c416bb00, 0x00000205c416c0f8]
Event: 543.818 Thread 0x00000205df38a800 2818   !   3       java.lang.ref.ReferenceQueue::remove (125 bytes)
Event: 543.819 Thread 0x00000205df38a800 nmethod 2818 0x00000205c416c290 code [0x00000205c416c4a0, 0x00000205c416cbf8]
Event: 548.861 Thread 0x00000205df38a800 2819       3       jdk.internal.loader.URLClassPath$FileLoader::findResource (18 bytes)
Event: 548.861 Thread 0x00000205df38a800 nmethod 2819 0x00000205c416cf10 code [0x00000205c416d0c0, 0x00000205c416d318]
Event: 639.773 Thread 0x00000205df378340 2820       4       java.lang.String::regionMatches (150 bytes)
Event: 639.789 Thread 0x00000205df378340 nmethod 2820 0x00000205cb317390 code [0x00000205cb317540, 0x00000205cb317cb8]
Event: 821.535 Thread 0x00000205df378340 2821       4       java.lang.String::indexOf (64 bytes)
Event: 821.538 Thread 0x00000205df378340 nmethod 2821 0x00000205cb318210 code [0x00000205cb318380, 0x00000205cb3186f8]
Event: 861.882 Thread 0x00000205df38a800 2822       3       jdk.internal.loader.URLClassPath::findResource (38 bytes)
Event: 861.883 Thread 0x00000205df38a800 nmethod 2822 0x00000205c416d410 code [0x00000205c416d5e0, 0x00000205c416d918]
Event: 1114.362 Thread 0x00000205df38a800 2823   !   3       jdk.internal.loader.URLClassPath::check (125 bytes)
Event: 1114.364 Thread 0x00000205df38a800 nmethod 2823 0x00000205c416da90 code [0x00000205c416dd20, 0x00000205c416ed08]
Event: 1285.864 Thread 0x00000205df38a800 2825   !   3       com.mysql.cj.jdbc.AbandonedConnectionCleanupThread::checkThreadContextClassLoader (20 bytes)
Event: 1285.866 Thread 0x00000205df38a800 nmethod 2825 0x00000205c416f190 code [0x00000205c416f420, 0x00000205c4170358]

GC Heap History (20 events):
Event: 1031.434 GC heap before
{Heap before GC invocations=50 (full 0):
 garbage-first heap   total 204800K, used 144944K [0x0000000702e00000, 0x0000000800000000)
  region size 2048K, 15 young (30720K), 3 survivors (6144K)
 Metaspace       used 24585K, capacity 24790K, committed 25008K, reserved 1071104K
  class space    used 2426K, capacity 2509K, committed 2560K, reserved 1048576K
}
Event: 1031.450 GC heap after
{Heap after GC invocations=51 (full 0):
 garbage-first heap   total 204800K, used 127252K [0x0000000702e00000, 0x0000000800000000)
  region size 2048K, 2 young (4096K), 2 survivors (4096K)
 Metaspace       used 24585K, capacity 24790K, committed 25008K, reserved 1071104K
  class space    used 2426K, capacity 2509K, committed 2560K, reserved 1048576K
}
Event: 1111.510 GC heap before
{Heap before GC invocations=51 (full 0):
 garbage-first heap   total 204800K, used 160020K [0x0000000702e00000, 0x0000000800000000)
  region size 2048K, 18 young (36864K), 2 survivors (4096K)
 Metaspace       used 24585K, capacity 24790K, committed 25008K, reserved 1071104K
  class space    used 2426K, capacity 2509K, committed 2560K, reserved 1048576K
}
Event: 1111.525 GC heap after
{Heap after GC invocations=52 (full 0):
 garbage-first heap   total 204800K, used 136721K [0x0000000702e00000, 0x0000000800000000)
  region size 2048K, 3 young (6144K), 3 survivors (6144K)
 Metaspace       used 24585K, capacity 24790K, committed 25008K, reserved 1071104K
  class space    used 2426K, capacity 2509K, committed 2560K, reserved 1048576K
}
Event: 1194.084 GC heap before
{Heap before GC invocations=53 (full 0):
 garbage-first heap   total 233472K, used 161297K [0x0000000702e00000, 0x0000000800000000)
  region size 2048K, 15 young (30720K), 3 survivors (6144K)
 Metaspace       used 24587K, capacity 24790K, committed 25008K, reserved 1071104K
  class space    used 2426K, capacity 2509K, committed 2560K, reserved 1048576K
}
Event: 1194.104 GC heap after
{Heap after GC invocations=54 (full 0):
 garbage-first heap   total 233472K, used 143910K [0x0000000702e00000, 0x0000000800000000)
  region size 2048K, 2 young (4096K), 2 survivors (4096K)
 Metaspace       used 24587K, capacity 24790K, committed 25008K, reserved 1071104K
  class space    used 2426K, capacity 2509K, committed 2560K, reserved 1048576K
}
Event: 1249.799 GC heap before
{Heap before GC invocations=54 (full 0):
 garbage-first heap   total 233472K, used 164390K [0x0000000702e00000, 0x0000000800000000)
  region size 2048K, 13 young (26624K), 2 survivors (4096K)
 Metaspace       used 24587K, capacity 24790K, committed 25008K, reserved 1071104K
  class space    used 2426K, capacity 2509K, committed 2560K, reserved 1048576K
}
Event: 1249.810 GC heap after
{Heap after GC invocations=55 (full 0):
 garbage-first heap   total 233472K, used 150552K [0x0000000702e00000, 0x0000000800000000)
  region size 2048K, 3 young (6144K), 3 survivors (6144K)
 Metaspace       used 24587K, capacity 24790K, committed 25008K, reserved 1071104K
  class space    used 2426K, capacity 2509K, committed 2560K, reserved 1048576K
}
Event: 1371.523 GC heap before
{Heap before GC invocations=56 (full 0):
 garbage-first heap   total 264192K, used 187416K [0x0000000702e00000, 0x0000000800000000)
  region size 2048K, 19 young (38912K), 3 survivors (6144K)
 Metaspace       used 24589K, capacity 24790K, committed 25008K, reserved 1071104K
  class space    used 2426K, capacity 2509K, committed 2560K, reserved 1048576K
}
Event: 1371.539 GC heap after
{Heap after GC invocations=57 (full 0):
 garbage-first heap   total 264192K, used 163320K [0x0000000702e00000, 0x0000000800000000)
  region size 2048K, 3 young (6144K), 3 survivors (6144K)
 Metaspace       used 24589K, capacity 24790K, committed 25008K, reserved 1071104K
  class space    used 2426K, capacity 2509K, committed 2560K, reserved 1048576K
}
Event: 1530.247 GC heap before
{Heap before GC invocations=57 (full 0):
 garbage-first heap   total 264192K, used 208376K [0x0000000702e00000, 0x0000000800000000)
  region size 2048K, 25 young (51200K), 3 survivors (6144K)
 Metaspace       used 24589K, capacity 24790K, committed 25008K, reserved 1071104K
  class space    used 2426K, capacity 2509K, committed 2560K, reserved 1048576K
}
Event: 1530.263 GC heap after
{Heap after GC invocations=58 (full 0):
 garbage-first heap   total 264192K, used 176017K [0x0000000702e00000, 0x0000000800000000)
  region size 2048K, 4 young (8192K), 4 survivors (8192K)
 Metaspace       used 24589K, capacity 24790K, committed 25008K, reserved 1071104K
  class space    used 2426K, capacity 2509K, committed 2560K, reserved 1048576K
}
Event: 1630.644 GC heap before
{Heap before GC invocations=59 (full 0):
 garbage-first heap   total 290816K, used 206737K [0x0000000702e00000, 0x0000000800000000)
  region size 2048K, 21 young (43008K), 4 survivors (8192K)
 Metaspace       used 24589K, capacity 24790K, committed 25008K, reserved 1071104K
  class space    used 2426K, capacity 2509K, committed 2560K, reserved 1048576K
}
Event: 1630.667 GC heap after
{Heap after GC invocations=60 (full 0):
 garbage-first heap   total 290816K, used 182272K [0x0000000702e00000, 0x0000000800000000)
  region size 2048K, 3 young (6144K), 3 survivors (6144K)
 Metaspace       used 24589K, capacity 24790K, committed 25008K, reserved 1071104K
  class space    used 2426K, capacity 2509K, committed 2560K, reserved 1048576K
}
Event: 1757.417 GC heap before
{Heap before GC invocations=60 (full 0):
 garbage-first heap   total 290816K, used 229376K [0x0000000702e00000, 0x0000000800000000)
  region size 2048K, 26 young (53248K), 3 survivors (6144K)
 Metaspace       used 24589K, capacity 24790K, committed 25008K, reserved 1071104K
  class space    used 2426K, capacity 2509K, committed 2560K, reserved 1048576K
}
Event: 1757.437 GC heap after
{Heap after GC invocations=61 (full 0):
 garbage-first heap   total 290816K, used 195642K [0x0000000702e00000, 0x0000000800000000)
  region size 2048K, 4 young (8192K), 4 survivors (8192K)
 Metaspace       used 24589K, capacity 24790K, committed 25008K, reserved 1071104K
  class space    used 2426K, capacity 2509K, committed 2560K, reserved 1048576K
}
Event: 1855.656 GC heap before
{Heap before GC invocations=62 (full 0):
 garbage-first heap   total 331776K, used 230458K [0x0000000702e00000, 0x0000000800000000)
  region size 2048K, 21 young (43008K), 4 survivors (8192K)
 Metaspace       used 24589K, capacity 24790K, committed 25008K, reserved 1071104K
  class space    used 2426K, capacity 2509K, committed 2560K, reserved 1048576K
}
Event: 1855.688 GC heap after
{Heap after GC invocations=63 (full 0):
 garbage-first heap   total 331776K, used 205687K [0x0000000702e00000, 0x0000000800000000)
  region size 2048K, 3 young (6144K), 3 survivors (6144K)
 Metaspace       used 24589K, capacity 24790K, committed 25008K, reserved 1071104K
  class space    used 2426K, capacity 2509K, committed 2560K, reserved 1048576K
}
Event: 1964.520 GC heap before
{Heap before GC invocations=63 (full 0):
 garbage-first heap   total 331776K, used 242551K [0x0000000702e00000, 0x0000000800000000)
  region size 2048K, 22 young (45056K), 3 survivors (6144K)
 Metaspace       used 24589K, capacity 24790K, committed 25008K, reserved 1071104K
  class space    used 2426K, capacity 2509K, committed 2560K, reserved 1048576K
}
Event: 1964.533 GC heap after
{Heap after GC invocations=64 (full 0):
 garbage-first heap   total 331776K, used 217088K [0x0000000702e00000, 0x0000000800000000)
  region size 2048K, 4 young (8192K), 4 survivors (8192K)
 Metaspace       used 24589K, capacity 24790K, committed 25008K, reserved 1071104K
  class space    used 2426K, capacity 2509K, committed 2560K, reserved 1048576K
}

Deoptimization events (20 events):
Event: 66.107 Thread 0x00000205df361b20 Uncommon trap: trap_request=0xffffff45 fr.pc=0x00000205cb2a3edc relative=0x000000000000055c
Event: 66.107 Thread 0x00000205df361b20 Uncommon trap: reason=unstable_if action=reinterpret pc=0x00000205cb2a3edc method=java.util.Optional.isPresent()Z @ 4 c2
Event: 66.107 Thread 0x00000205df361b20 DEOPT PACKING pc=0x00000205cb2a3edc sp=0x0000001bd79feba0
Event: 66.107 Thread 0x00000205df361b20 DEOPT UNPACKING pc=0x00000205c36ee42f sp=0x0000001bd79fe8c0 mode 2
Event: 66.108 Thread 0x00000205df361b20 Uncommon trap: trap_request=0xffffff45 fr.pc=0x00000205cb2a8f00 relative=0x0000000000000580
Event: 66.108 Thread 0x00000205df361b20 Uncommon trap: reason=unstable_if action=reinterpret pc=0x00000205cb2a8f00 method=java.util.Optional.isPresent()Z @ 4 c2
Event: 66.108 Thread 0x00000205df361b20 DEOPT PACKING pc=0x00000205cb2a8f00 sp=0x0000001bd79fea00
Event: 66.109 Thread 0x00000205df361b20 DEOPT UNPACKING pc=0x00000205c36ee42f sp=0x0000001bd79fe790 mode 2
Event: 66.111 Thread 0x00000205df361b20 Uncommon trap: trap_request=0xffffff45 fr.pc=0x00000205cb2940d0 relative=0x0000000000000150
Event: 66.111 Thread 0x00000205df361b20 Uncommon trap: reason=unstable_if action=reinterpret pc=0x00000205cb2940d0 method=java.util.concurrent.locks.ReentrantLock$NonfairSync.initialTryLock()Z @ 10 c2
Event: 66.111 Thread 0x00000205df361b20 DEOPT PACKING pc=0x00000205cb2940d0 sp=0x0000001bd79feb50
Event: 66.111 Thread 0x00000205df361b20 DEOPT UNPACKING pc=0x00000205c36ee42f sp=0x0000001bd79feaf8 mode 2
Event: 66.111 Thread 0x00000205df361b20 Uncommon trap: trap_request=0xffffff45 fr.pc=0x00000205cb2943c8 relative=0x00000000000000c8
Event: 66.111 Thread 0x00000205df361b20 Uncommon trap: reason=unstable_if action=reinterpret pc=0x00000205cb2943c8 method=java.util.concurrent.locks.ReentrantLock$Sync.tryRelease(I)Z @ 26 c2
Event: 66.111 Thread 0x00000205df361b20 DEOPT PACKING pc=0x00000205cb2943c8 sp=0x0000001bd79feb50
Event: 66.111 Thread 0x00000205df361b20 DEOPT UNPACKING pc=0x00000205c36ee42f sp=0x0000001bd79feaf0 mode 2
Event: 66.113 Thread 0x00000205df361b20 Uncommon trap: trap_request=0xffffff45 fr.pc=0x00000205cb20ae90 relative=0x0000000000000190
Event: 66.113 Thread 0x00000205df361b20 Uncommon trap: reason=unstable_if action=reinterpret pc=0x00000205cb20ae90 method=java.lang.StringCoding.hasNegatives([BII)Z @ 12 c2
Event: 66.113 Thread 0x00000205df361b20 DEOPT PACKING pc=0x00000205cb20ae90 sp=0x0000001bd79fdcb0
Event: 66.113 Thread 0x00000205df361b20 DEOPT UNPACKING pc=0x00000205c36ee42f sp=0x0000001bd79fdc58 mode 2

Classes unloaded (0 events):
No events

Classes redefined (0 events):
No events

Internal exceptions (17 events):
Event: 1.132 Thread 0x00000205bfc9cbd0 Exception <a 'java/lang/NoSuchMethodError'{0x00000007126101b0}: 'java.lang.Object java.lang.invoke.DirectMethodHandle$Holder.invokeStatic(java.lang.Object)'> (0x00000007126101b0) 
thrown [./open/src/hotspot/share/interpreter/linkResolver.cpp, line 782]
Event: 1.317 Thread 0x00000205bfc9cbd0 Exception <a 'java/lang/NoSuchMethodError'{0x000000071269fba0}: 'void java.lang.invoke.DirectMethodHandle$Holder.invokeSpecial(java.lang.Object, java.lang.Object, java.lang.Object)'> (0x000000071269fba0) 
thrown [./open/src/hotspot/share/interpreter/linkResolver.cpp, line 782]
Event: 2.390 Thread 0x00000205bfc9cbd0 Exception <a 'java/lang/NoSuchMethodError'{0x0000000711fc2480}: 'void java.lang.invoke.DirectMethodHandle$Holder.invokeStaticInit(java.lang.Object)'> (0x0000000711fc2480) 
thrown [./open/src/hotspot/share/interpreter/linkResolver.cpp, line 782]
Event: 2.604 Thread 0x00000205bfc9cbd0 Implicit null exception at 0x00000205cb199574 to 0x00000205cb199b20
Event: 4.047 Thread 0x00000205bfc9cbd0 Exception <a 'java/lang/NoSuchMethodError'{0x0000000712667f48}: 'void java.lang.invoke.DirectMethodHandle$Holder.invokeStatic(java.lang.Object, java.lang.Object, java.lang.Object)'> (0x0000000712667f48) 
thrown [./open/src/hotspot/share/interpreter/linkResolver.cpp, line 782]
Event: 5.076 Thread 0x00000205bfc9cbd0 Exception <a 'java/lang/NoSuchMethodError'{0x000000071138bf08}: 'void java.lang.invoke.DirectMethodHandle$Holder.invokeStatic(java.lang.Object, java.lang.Object)'> (0x000000071138bf08) 
thrown [./open/src/hotspot/share/interpreter/linkResolver.cpp, line 782]
Event: 5.077 Thread 0x00000205bfc9cbd0 Exception <a 'java/lang/NoSuchMethodError'{0x000000071138fcd0}: 'void java.lang.invoke.DirectMethodHandle$Holder.invokeStaticInit(java.lang.Object, java.lang.Object)'> (0x000000071138fcd0) 
thrown [./open/src/hotspot/share/interpreter/linkResolver.cpp, line 782]
Event: 5.971 Thread 0x00000205bfc9cbd0 Exception <a 'java/lang/NoSuchMethodError'{0x000000070fab41f0}: 'java.lang.Object java.lang.invoke.DirectMethodHandle$Holder.invokeStaticInit(java.lang.Object)'> (0x000000070fab41f0) 
thrown [./open/src/hotspot/share/interpreter/linkResolver.cpp, line 782]
Event: 5.973 Thread 0x00000205bfc9cbd0 Exception <a 'java/lang/NoSuchMethodError'{0x000000070faba360}: 'java.lang.Object java.lang.invoke.DirectMethodHandle$Holder.invokeInterface(java.lang.Object, java.lang.Object)'> (0x000000070faba360) 
thrown [./open/src/hotspot/share/interpreter/linkResolver.cpp, line 782]
Event: 6.115 Thread 0x00000205bfc9cbd0 Exception <a 'java/lang/NoSuchMethodError'{0x000000070fb55bd8}: 'java.lang.Object java.lang.invoke.DirectMethodHandle$Holder.invokeVirtual(java.lang.Object, java.lang.Object, java.lang.Object)'> (0x000000070fb55bd8) 
thrown [./open/src/hotspot/share/interpreter/linkResolver.cpp, line 782]
Event: 6.782 Thread 0x00000205bfc9cbd0 Exception <a 'java/lang/NoSuchMethodError'{0x000000070f3fd5a8}: 'java.lang.Object java.lang.invoke.DirectMethodHandle$Holder.invokeStaticInit(java.lang.Object, int, int, int, int)'> (0x000000070f3fd5a8) 
thrown [./open/src/hotspot/share/interpreter/linkResolver.cpp, line 782]
Event: 6.787 Thread 0x00000205bfc9cbd0 Exception <a 'sun/nio/fs/WindowsException'{0x000000070f004af0}> (0x000000070f004af0) 
thrown [./open/src/hotspot/share/prims/jni.cpp, line 578]
Event: 6.843 Thread 0x00000205bfc9cbd0 Exception <a 'java/lang/NoSuchMethodError'{0x000000070f02d378}: 'int java.lang.invoke.DirectMethodHandle$Holder.invokeStaticInit(java.lang.Object, java.lang.Object, java.lang.Object, java.lang.Object)'> (0x000000070f02d378) 
thrown [./open/src/hotspot/share/interpreter/linkResolver.cpp, line 782]
Event: 6.845 Thread 0x00000205bfc9cbd0 Exception <a 'java/lang/IncompatibleClassChangeError'{0x000000070f0371b8}: Found class java.lang.Object, but interface was expected> (0x000000070f0371b8) 
thrown [./open/src/hotspot/share/interpreter/linkResolver.cpp, line 848]
Event: 6.848 Thread 0x00000205bfc9cbd0 Exception <a 'java/lang/NoSuchMethodError'{0x000000070f03e0b0}: 'int java.lang.invoke.DirectMethodHandle$Holder.invokeStaticInit(java.lang.Object, java.lang.Object)'> (0x000000070f03e0b0) 
thrown [./open/src/hotspot/share/interpreter/linkResolver.cpp, line 782]
Event: 7.436 Thread 0x00000205bfc9cbd0 Exception <a 'java/lang/NoSuchMethodError'{0x0000000712ad11c8}: 'java.lang.Object java.lang.invoke.DirectMethodHandle$Holder.invokeStaticInit(java.lang.Object, java.lang.Object, int, int, int, int)'> (0x0000000712ad11c8) 
thrown [./open/src/hotspot/share/interpreter/linkResolver.cpp, line 782]
Event: 66.113 Thread 0x00000205df361b20 Exception <a 'java/io/IOException'{0x0000000712a2e960}> (0x0000000712a2e960) 
thrown [./open/src/hotspot/share/prims/jni.cpp, line 578]

Events (20 events):
Event: 1530.264 Executing VM operation: G1CollectForAllocation done
Event: 1530.609 Executing VM operation: G1Concurrent
Event: 1530.611 Executing VM operation: G1Concurrent done
Event: 1530.820 Executing VM operation: G1Concurrent
Event: 1530.821 Executing VM operation: G1Concurrent done
Event: 1630.643 Executing VM operation: G1CollectForAllocation
Event: 1630.667 Executing VM operation: G1CollectForAllocation done
Event: 1757.416 Executing VM operation: G1CollectForAllocation
Event: 1757.437 Executing VM operation: G1CollectForAllocation done
Event: 1757.925 Executing VM operation: G1Concurrent
Event: 1757.940 Executing VM operation: G1Concurrent done
Event: 1758.254 Executing VM operation: G1Concurrent
Event: 1758.285 Executing VM operation: G1Concurrent done
Event: 1855.656 Executing VM operation: G1CollectForAllocation
Event: 1855.688 Executing VM operation: G1CollectForAllocation done
Event: 1855.688 Executing VM operation: HandshakeAllThreads
Event: 1855.689 Executing VM operation: HandshakeAllThreads done
Event: 1964.520 Executing VM operation: G1TryInitiateConcMark
Event: 1964.533 Executing VM operation: G1TryInitiateConcMark done
Event: 1964.984 Executing VM operation: G1Concurrent


Dynamic libraries:
0x00007ff6eb5b0000 - 0x00007ff6eb5bd000 	D:\javaweb\eclipse\plugins\org.eclipse.justj.openjdk.hotspot.jre.full.win32.x86_64_15.0.2.v20210201-0955\jre\bin\javaw.exe
0x00007ffa14e20000 - 0x00007ffa1500d000 	C:\windows\SYSTEM32\ntdll.dll
0x00007ffa13d70000 - 0x00007ffa13e23000 	C:\windows\System32\KERNEL32.DLL
0x00007ffa111a0000 - 0x00007ffa11433000 	C:\windows\System32\KERNELBASE.dll
0x00007ffa110a0000 - 0x00007ffa1119a000 	C:\windows\System32\ucrtbase.dll
0x00007ffa091c0000 - 0x00007ffa091d8000 	D:\javaweb\eclipse\plugins\org.eclipse.justj.openjdk.hotspot.jre.full.win32.x86_64_15.0.2.v20210201-0955\jre\bin\jli.dll
0x00007ffa14580000 - 0x00007ffa14717000 	C:\windows\System32\USER32.dll
0x00007ffa11080000 - 0x00007ffa110a0000 	C:\windows\System32\win32u.dll
0x00007ffa126b0000 - 0x00007ffa126d9000 	C:\windows\System32\GDI32.dll
0x00007ffa10ee0000 - 0x00007ffa11079000 	C:\windows\System32\gdi32full.dll
0x00007ffa11830000 - 0x00007ffa118d0000 	C:\windows\System32\msvcp_win.dll
0x00007ffa09bd0000 - 0x00007ffa09be9000 	D:\javaweb\eclipse\plugins\org.eclipse.justj.openjdk.hotspot.jre.full.win32.x86_64_15.0.2.v20210201-0955\jre\bin\VCRUNTIME140.dll
0x00007ff9f9950000 - 0x00007ff9f9bc9000 	C:\windows\WinSxS\amd64_microsoft.windows.common-controls_6595b64144ccf1df_6.0.17763.737_none_05b6437c071e554b\COMCTL32.dll
0x00007ffa12170000 - 0x00007ffa1220e000 	C:\windows\System32\msvcrt.dll
0x00007ffa14720000 - 0x00007ffa14a4c000 	C:\windows\System32\combase.dll
0x00007ffa12210000 - 0x00007ffa12332000 	C:\windows\System32\RPCRT4.dll
0x00007ffa11440000 - 0x00007ffa114be000 	C:\windows\System32\bcryptPrimitives.dll
0x00007ffa12360000 - 0x00007ffa1238e000 	C:\windows\System32\IMM32.DLL
0x00007ffa0ce30000 - 0x00007ffa0ce3c000 	D:\javaweb\eclipse\plugins\org.eclipse.justj.openjdk.hotspot.jre.full.win32.x86_64_15.0.2.v20210201-0955\jre\bin\vcruntime140_1.dll
0x00007ff9f64d0000 - 0x00007ff9f6561000 	D:\javaweb\eclipse\plugins\org.eclipse.justj.openjdk.hotspot.jre.full.win32.x86_64_15.0.2.v20210201-0955\jre\bin\msvcp140.dll
0x00007ff9f5750000 - 0x00007ff9f62ae000 	D:\javaweb\eclipse\plugins\org.eclipse.justj.openjdk.hotspot.jre.full.win32.x86_64_15.0.2.v20210201-0955\jre\bin\server\jvm.dll
0x00007ffa123a0000 - 0x00007ffa12443000 	C:\windows\System32\ADVAPI32.dll
0x00007ffa14380000 - 0x00007ffa1441e000 	C:\windows\System32\sechost.dll
0x00007ffa126e0000 - 0x00007ffa126e8000 	C:\windows\System32\PSAPI.DLL
0x00007ffa0db90000 - 0x00007ffa0db99000 	C:\windows\SYSTEM32\WSOCK32.dll
0x00007ffa13d00000 - 0x00007ffa13d6d000 	C:\windows\System32\WS2_32.dll
0x00007ffa0d980000 - 0x00007ffa0d9a4000 	C:\windows\SYSTEM32\WINMM.dll
0x00007ffa09200000 - 0x00007ffa0920a000 	C:\windows\SYSTEM32\VERSION.dll
0x00007ffa0d950000 - 0x00007ffa0d97d000 	C:\windows\SYSTEM32\WINMMBASE.dll
0x00007ffa115d0000 - 0x00007ffa1161a000 	C:\windows\System32\cfgmgr32.dll
0x00007ffa10e10000 - 0x00007ffa10e21000 	C:\windows\System32\kernel.appcore.dll
0x00007ffa0db80000 - 0x00007ffa0db8a000 	D:\javaweb\eclipse\plugins\org.eclipse.justj.openjdk.hotspot.jre.full.win32.x86_64_15.0.2.v20210201-0955\jre\bin\jimage.dll
0x00007ffa0f470000 - 0x00007ffa0f65d000 	C:\windows\SYSTEM32\DBGHELP.DLL
0x00007ff9f0580000 - 0x00007ff9f05aa000 	C:\windows\SYSTEM32\dbgcore.DLL
0x00007ff9f8860000 - 0x00007ff9f8885000 	D:\javaweb\eclipse\plugins\org.eclipse.justj.openjdk.hotspot.jre.full.win32.x86_64_15.0.2.v20210201-0955\jre\bin\java.dll
0x00007ffa08070000 - 0x00007ffa08088000 	D:\javaweb\eclipse\plugins\org.eclipse.justj.openjdk.hotspot.jre.full.win32.x86_64_15.0.2.v20210201-0955\jre\bin\zip.dll
0x00007ffa12800000 - 0x00007ffa13cf2000 	C:\windows\System32\SHELL32.dll
0x00007ffa12750000 - 0x00007ffa127f8000 	C:\windows\System32\shcore.dll
0x00007ffa118f0000 - 0x00007ffa1203a000 	C:\windows\System32\windows.storage.dll
0x00007ffa10eb0000 - 0x00007ffa10ed4000 	C:\windows\System32\profapi.dll
0x00007ffa10e50000 - 0x00007ffa10ead000 	C:\windows\System32\powrprof.dll
0x00007ffa14a50000 - 0x00007ffa14aa2000 	C:\windows\System32\shlwapi.dll
0x00007ffa118d0000 - 0x00007ffa118e7000 	C:\windows\System32\cryptsp.dll
0x00007ffa07c40000 - 0x00007ffa07c59000 	D:\javaweb\eclipse\plugins\org.eclipse.justj.openjdk.hotspot.jre.full.win32.x86_64_15.0.2.v20210201-0955\jre\bin\net.dll
0x00007ffa0c8d0000 - 0x00007ffa0c9c2000 	C:\windows\SYSTEM32\WINHTTP.dll
0x00007ffa10620000 - 0x00007ffa10687000 	C:\windows\system32\mswsock.dll
0x00007ff9f8840000 - 0x00007ff9f8852000 	D:\javaweb\eclipse\plugins\org.eclipse.justj.openjdk.hotspot.jre.full.win32.x86_64_15.0.2.v20210201-0955\jre\bin\nio.dll
0x00007ffa09690000 - 0x00007ffa096a0000 	D:\javaweb\eclipse\plugins\org.eclipse.justj.openjdk.hotspot.jre.full.win32.x86_64_15.0.2.v20210201-0955\jre\bin\verify.dll
0x00007ffa10390000 - 0x00007ffa10456000 	C:\windows\SYSTEM32\DNSAPI.dll
0x00007ffa12390000 - 0x00007ffa12398000 	C:\windows\System32\NSI.dll
0x00007ffa10340000 - 0x00007ffa1037d000 	C:\windows\SYSTEM32\IPHLPAPI.DLL
0x00007ffa00ec0000 - 0x00007ffa00eca000 	C:\Windows\System32\rasadhlp.dll
0x00007ffa00ca0000 - 0x00007ffa00d19000 	C:\windows\System32\fwpuclnt.dll
0x00007ffa11800000 - 0x00007ffa11826000 	C:\windows\System32\bcrypt.dll
0x00007ffa08a00000 - 0x00007ffa08a0d000 	D:\javaweb\eclipse\plugins\org.eclipse.justj.openjdk.hotspot.jre.full.win32.x86_64_15.0.2.v20210201-0955\jre\bin\sunmscapi.dll
0x00007ffa11620000 - 0x00007ffa117fb000 	C:\windows\System32\CRYPT32.dll
0x00007ffa10e30000 - 0x00007ffa10e42000 	C:\windows\System32\MSASN1.dll
0x00007ffa10950000 - 0x00007ffa10976000 	C:\windows\SYSTEM32\ncrypt.dll
0x00007ffa10910000 - 0x00007ffa1094c000 	C:\windows\SYSTEM32\NTASN1.dll
0x00007ffa101a0000 - 0x00007ffa101d3000 	C:\windows\system32\rsaenh.dll
0x00007ffa10d40000 - 0x00007ffa10d68000 	C:\windows\SYSTEM32\USERENV.dll
0x00007ffa107f0000 - 0x00007ffa107fc000 	C:\windows\SYSTEM32\CRYPTBASE.dll
0x00007ffa092c0000 - 0x00007ffa092d6000 	C:\windows\SYSTEM32\dhcpcsvc6.DLL
0x00007ffa092a0000 - 0x00007ffa092bc000 	C:\windows\SYSTEM32\dhcpcsvc.DLL

dbghelp: loaded successfully - version: 4.0.5 - missing functions: none
symbol engine: initialized successfully - sym options: 0x614 - pdb path: .;D:\javaweb\eclipse\plugins\org.eclipse.justj.openjdk.hotspot.jre.full.win32.x86_64_15.0.2.v20210201-0955\jre\bin;C:\windows\SYSTEM32;C:\windows\WinSxS\amd64_microsoft.windows.common-controls_6595b64144ccf1df_6.0.17763.737_none_05b6437c071e554b;D:\javaweb\eclipse\plugins\org.eclipse.justj.openjdk.hotspot.jre.full.win32.x86_64_15.0.2.v20210201-0955\jre\bin\server

VM Arguments:
jvm_args: -Dfile.encoding=UTF-8 -XX:+ShowCodeDetailsInExceptionMessages 
java_command: smelldetector.util.main
java_class_path (initial): D:\javaweb\code\smelldetector\smelldetector\bin;D:\javaweb\code\smelldetector\smelldetector\lib\ant.jar;D:\javaweb\code\smelldetector\smelldetector\lib\fastjson-1.2.9.jar;D:\javaweb\code\smelldetector\smelldetector\lib\hamcrest-core-1.3.jar;D:\javaweb\code\smelldetector\smelldetector\lib\jackson-annotations-2.0.2.jar;D:\javaweb\code\smelldetector\smelldetector\lib\jackson-core-2.2.3.jar;D:\javaweb\code\smelldetector\smelldetector\lib\jackson-core-asl-1.9.8.jar;D:\javaweb\code\smelldetector\smelldetector\lib\jackson-databind-2.0.2.jar;D:\javaweb\code\smelldetector\smelldetector\lib\jackson-jaxrs-json-provider-2.0.4.jar;D:\javaweb\code\smelldetector\smelldetector\lib\jackson-mapper-asl-1.9.8.jar;D:\javaweb\code\smelldetector\smelldetector\lib\java-image-scaling-0.8.6.jar;D:\javaweb\code\smelldetector\smelldetector\lib\jericho-html-3.3.jar;D:\javaweb\code\smelldetector\smelldetector\lib\junit-4.12.jar;D:\javaweb\code\smelldetector\smelldetector\lib\log4j-1.2.17.jar;D:\javaweb\code\smelldetector\smelldetector\lib\log4j-api-2.11.2.jar;D:\javaweb\code\smelldetector\smelldetector\lib\log4j-core-2.11.2.jar;D:\javaweb\code\smelldetector\smelldetector\lib\mybatis-3.5.2.jar;D:\javaweb\code\smelldetector\smelldetector\lib\mybatis-spring-1.3.1.jar;D:\javaweb\code\smelldetector\smelldetector\lib\mysql-connector-java-8.0.25.jar;D:\javaweb\code\smelldetector\smelldetector\lib\org.eclipse.core.contenttype_3.5.0.v20150421-2214.jar;D:\javaweb\code\smelldetector\smelldetector\lib\org.eclipse.core.jobs_3.7.0.v20150330-2103.jar;D:\javaweb\code\smelldetector\smelldetector\lib\org.eclipse.core.resources_3.10.1.v20150725-1910.jar;D:\javaweb\code\smelldetector\smelldetector\lib\org.eclipse.core.runtime_3.11.1.v20150903-1804.jar;D:\javaweb\code\smelldetector\smelldetector\lib\org.eclipse.equinox.common_3.7.0.v20150402-1709.jar;D:\javaweb\code\smelldetector\smelldetector\lib\org.eclipse.equinox.preferences_3.5.300.v20150408-1437.jar;D:\javaweb\code\smelldetector\sm
Launcher Type: SUN_STANDARD

[Global flags]
     intx CICompilerCount                          = 4                                         {product} {ergonomic}
     uint ConcGCThreads                            = 2                                         {product} {ergonomic}
     uint G1ConcRefinementThreads                  = 8                                         {product} {ergonomic}
   size_t G1HeapRegionSize                         = 2097152                                   {product} {ergonomic}
    uintx GCDrainStackTargetSize                   = 64                                        {product} {ergonomic}
   size_t InitialHeapSize                          = 266338304                                 {product} {ergonomic}
   size_t MarkStackSize                            = 4194304                                   {product} {ergonomic}
   size_t MaxHeapSize                              = 4246732800                                {product} {ergonomic}
   size_t MaxNewSize                               = 2548039680                                {product} {ergonomic}
   size_t MinHeapDeltaBytes                        = 2097152                                   {product} {ergonomic}
   size_t MinHeapSize                              = 8388608                                   {product} {ergonomic}
    uintx NonNMethodCodeHeapSize                   = 5839372                                {pd product} {ergonomic}
    uintx NonProfiledCodeHeapSize                  = 122909434                              {pd product} {ergonomic}
    uintx ProfiledCodeHeapSize                     = 122909434                              {pd product} {ergonomic}
    uintx ReservedCodeCacheSize                    = 251658240                              {pd product} {ergonomic}
     bool SegmentedCodeCache                       = true                                      {product} {ergonomic}
     bool ShowCodeDetailsInExceptionMessages       = true                                   {manageable} {command line}
   size_t SoftMaxHeapSize                          = 4246732800                             {manageable} {ergonomic}
     bool UseCompressedClassPointers               = true                                 {lp64_product} {ergonomic}
     bool UseCompressedOops                        = true                                 {lp64_product} {ergonomic}
     bool UseG1GC                                  = true                                      {product} {ergonomic}
     bool UseLargePagesIndividualAllocation        = false                                  {pd product} {ergonomic}

Logging:
Log output configuration:
 #0: stdout all=warning uptime,level,tags
 #1: stderr all=off uptime,level,tags

Environment Variables:
JAVA_HOME=D:\java\jdk-15.0.1
CLASSPATH=D:\java\jdk-15.0.1\lib;D:\java\jdk-15.0.1\lib\tool.jar
PATH=D:/javaweb/eclipse//plugins/org.eclipse.justj.openjdk.hotspot.jre.full.win32.x86_64_15.0.2.v20210201-0955/jre/bin/server;D:/javaweb/eclipse//plugins/org.eclipse.justj.openjdk.hotspot.jre.full.win32.x86_64_15.0.2.v20210201-0955/jre/bin;C:\Program Files\Common Files\Oracle\Java\javapath;D:\app\Administrator\product\11.2.0\dbhome_1\bin;C:\oraclexe\app\oracle\product\11.2.0\server\bin;C:\windows\system32;C:\windows;C:\windows\System32\Wbem;C:\windows\System32\WindowsPowerShell\v1.0\;C:\windows\System32\OpenSSH\;C:\Program Files (x86)\Microsoft SQL Server\90\DTS\Binn\;C:\Program Files (x86)\Microsoft SQL Server\90\Tools\binn\;C:\Program Files (x86)\Microsoft SQL Server\90\Tools\Binn\VSShell\Common7\IDE\;C:\Program Files (x86)\Microsoft Visual Studio 8\Common7\IDE\PrivateAssemblies\;D:\apache-tomcat-8.5.57\bin;D:\apache-maven-3.6.3\bin\bin;D:\javaweb\gradle-6.1-all\gradle-6.1\bin;D:\Program Files\Git\cmd;C:\Program Files\dotnet\;C:\Program Files (x86)\NVIDIA Corporation\PhysX\Common;C:\Program Files (x86)\dotnet\;C:\Program Files (x86)\GnuWin32\bin;C:\Program Files\dotnet;D:\scala-2.10.7\bin;D:\sbt-1.3.8\sbt\bin;D:\MinGW\bin;F:\soft\Program Files\Bandizip\;D:\Program Files\Bandizip\;D:\ProgramData\Anaconda3;D:\ProgramData\Anaconda3\Scripts;D:\ProgramData\Anaconda3\Library\bin;D:\javaweb\mysql-8.0.21-winx64\bin;D:\java\jdk-15.0.1\bin;D:\java\jdk-15.0.1\jre\bin;D:\java\jdk-15.0.1\bin;C:\Python27\Scripts\;C:\Python27\;C:\Users\Administrator\AppData\Local\Programs\Python\Python37\Scripts\;C:\Users\Administrator\AppData\Local\Programs\Python\Python37\;D:\apache-maven-3.6.3\bin\bin;D:\apache-maven-3.6.3\bin;D:\Program Files\IntelliJ IDEA 2020.1.2\bin;;C:\Program Files (x86)\GnuWin32\bin;C:\Program Files\dotnet;D:\Administrator\AppData\Local\Programs\Microsoft VS Code\bin;;D:\javaweb\eclipse;
USERNAME=lily
OS=Windows_NT
PROCESSOR_IDENTIFIER=Intel64 Family 6 Model 142 Stepping 11, GenuineIntel



---------------  S Y S T E M  ---------------

OS:
 Windows 10 , 64 bit Build 17763 (10.0.17763.475)
OS uptime: 1 days 1:57 hours

CPU: total 8 (initial active 8) (4 cores per cpu, 2 threads per core) family 6 model 142 stepping 11 microcode 0xde, cmov, cx8, fxsr, mmx, sse, sse2, sse3, ssse3, sse4.1, sse4.2, popcnt, vzeroupper, avx, avx2, aes, clmul, erms, 3dnowpref, lzcnt, ht, tsc, tscinvbit, bmi1, bmi2, adx, fma, clflush, clflushopt

Memory: 4k page, system-wide physical 16192M (605M free)
TotalPageFile size 20288M (AvailPageFile size 48M)
current process WorkingSet (physical memory assigned to process): 412M, peak: 412M
current process commit charge ("private bytes"): 442M, peak: 485M

vm_info: OpenJDK 64-Bit Server VM (15.0.2+7-27) for windows-amd64 JRE (15.0.2+7-27), built on Dec  7 2020 20:02:38 by "mach5one" with unknown MS VC++:1925

END.
